<?xml version="1.0" encoding="UTF-8"?>
<testsuite name="lab0.Variant6Test" tests="1" skipped="0" failures="0" errors="0" timestamp="2021-09-13T17:55:53" hostname="PC" time="0.004">
  <properties/>
  <testcase name="negativeIntegerTest" classname="lab0.Variant6Test" time="0.004"/>
  <system-out><![CDATA[]]></system-out>
  <system-err><![CDATA[]]></system-err>
</testsuite>
